********************************************************************************
**** Starting ASP.NET Setup at: 2021-11-17 07:26:19
**** Registering ASP.NET isapi: C:\windows\Microsoft.NET\Framework\v4.0.30319\aspnet_isapi.dll
**** Internal flags: 0x0000000c
********************************************************************************

2021-11-17 07:26:19	Starting	Stopping service: aspnet_state
2021-11-17 07:26:19		Starting	Connecting to Service Manager
2021-11-17 07:26:19		Success 	Connecting to Service Manager
2021-11-17 07:26:19		Starting	Opening Service handle
2021-11-17 07:26:19		Success 	Opening Service handle
2021-11-17 07:26:19		Starting	Stopping service
2021-11-17 07:26:19			Starting	Finding out service state
2021-11-17 07:26:19			Success 	Finding out service state
2021-11-17 07:26:19			Starting	Shutting down service
2021-11-17 07:26:19			Success 	Shutting down service
2021-11-17 07:26:19			Starting	Waiting for service to shut down
2021-11-17 07:26:19			Success 	Waiting for service to shut down
2021-11-17 07:26:19		Success 	Stopping service
2021-11-17 07:26:19	Success 	Stopping service: aspnet_state
2021-11-17 07:26:19	Starting	Querying status of a service: iisadmin
2021-11-17 07:26:19		Starting	Connecting to Service Manager
2021-11-17 07:26:19		Success 	Connecting to Service Manager
2021-11-17 07:26:19		Starting	Opening Service handle
2021-11-17 07:26:19		Success 	Opening Service handle
2021-11-17 07:26:19	Success 	Querying status of a service: iisadmin
2021-11-17 07:26:19	Starting	Check the status of IIS
2021-11-17 07:26:19	Success 	Check the status of IIS
2021-11-17 07:26:19	Starting	Querying status of a service: w3svc
2021-11-17 07:26:19		Starting	Connecting to Service Manager
2021-11-17 07:26:19		Success 	Connecting to Service Manager
2021-11-17 07:26:19		Starting	Opening Service handle
2021-11-17 07:26:19		Success 	Opening Service handle
2021-11-17 07:26:19	Success 	Querying status of a service: w3svc
2021-11-17 07:26:19	Starting	Determining if current ASP.NET isapi has the highest version
2021-11-17 07:26:19	Success 	Determining if current ASP.NET isapi has the highest version
2021-11-17 07:26:19	Starting	Pre Registration cleanup
2021-11-17 07:26:19		Starting	Cleaning up registry
2021-11-17 07:26:19		Success 	Cleaning up registry
2021-11-17 07:26:19		Starting	Uninstalling performance counters
2021-11-17 07:26:19		Success 	Uninstalling performance counters
2021-11-17 07:26:19		Starting	Executing inf section: XSP.UninstallPerVer
2021-11-17 07:26:19		Success 	Executing inf section: 
2021-11-17 07:26:19		Starting	Executing inf section: AdminService.Uninstall
2021-11-17 07:26:19		Success 	Executing inf section: 
2021-11-17 07:26:19	Success 	Pre Registration cleanup
2021-11-17 07:26:19	Starting	Executing inf section: XSP.InstallPerVer
2021-11-17 07:26:19	Success 	Executing inf section: 
2021-11-17 07:26:19	Starting	Installing WMI file:aspnet.mof
2021-11-17 07:26:19	Success 	Installing WMI file:aspnet.mof
2021-11-17 07:26:19	Starting	CreateASPNetAccount
2021-11-17 07:26:19		Starting	Generating password
2021-11-17 07:26:19		Success 	Generating password
2021-11-17 07:26:19		Starting	Creating ASPNET account
2021-11-17 07:26:19		Failure 	Creating ASPNET account: CreateUser failed with HRESULT 800708ad: 'The username could not be found.  '
2021-11-17 07:26:19	Failure 	CreateASPNetAccount: CreateASPNetAccount failed with HRESULT 800708ad: 'The username could not be found.  '
2021-11-17 07:26:19	Starting	GrantAccessToMetabase
2021-11-17 07:26:19	Success 	GrantAccessToMetabase
2021-11-17 07:26:19	Starting	Setting ACLs on dirs and WMI
2021-11-17 07:26:19		Starting	Getting location of Temporary ASP.Net directory
2021-11-17 07:26:19		Success 	Getting location of Temporary ASP.Net directory
2021-11-17 07:26:19		Starting	Setting ACLs on Temporary ASP.Net directory
2021-11-17 07:26:19		Success 	Setting ACLs on Temporary ASP.Net directory
2021-11-17 07:26:19		Starting	Setting ACLs on install root directory
2021-11-17 07:26:19		Success 	Setting ACLs on install root directory
2021-11-17 07:26:19		Starting	Setting ACLs on config directory
2021-11-17 07:26:19		Success 	Setting ACLs on config directory
2021-11-17 07:26:19		Starting	Grant access to WMI namespace: root\aspnet
2021-11-17 07:26:19		Failure 	Grant access to WMI namespace: root\aspnet: GrantAccessToWmiNamespace failed with HRESULT 8004100e: ''
2021-11-17 07:26:19		Starting	Getting location of Temporary ASP.Net directory
2021-11-17 07:26:19		Success 	Getting location of Temporary ASP.Net directory
2021-11-17 07:26:19		Starting	Setting ACLs on Temporary ASP.Net directory
2021-11-17 07:26:19		Success 	Setting ACLs on Temporary ASP.Net directory
2021-11-17 07:26:19		Starting	Setting ACLs on install root directory
2021-11-17 07:26:19		Success 	Setting ACLs on install root directory
2021-11-17 07:26:19		Starting	Setting ACLs on config directory
2021-11-17 07:26:19		Success 	Setting ACLs on config directory
2021-11-17 07:26:19		Starting	Grant access to WMI namespace: root\aspnet
2021-11-17 07:26:19		Failure 	Grant access to WMI namespace: root\aspnet: GrantAccessToWmiNamespace failed with HRESULT 8004100e: ''
2021-11-17 07:26:19	Success 	Setting ACLs on dirs and WMI
2021-11-17 07:26:19	Starting	Install the ASP.NET Performance counters
2021-11-17 07:26:19	Success 	Install the ASP.NET Performance counters
2021-11-17 07:26:19	Starting	Install common performance counters
2021-11-17 07:26:19	Success 	Install common performance counters
