********************************************************************************
**** Starting ASP.NET Setup at: 2021-11-17 07:26:17
**** Registering ASP.NET isapi: C:\windows\Microsoft.NET\Framework64\v4.0.30319\aspnet_isapi.dll
**** Internal flags: 0x0000000c
********************************************************************************

2021-11-17 07:26:17	Starting	Stopping service: aspnet_state
2021-11-17 07:26:17		Starting	Connecting to Service Manager
2021-11-17 07:26:17		Success 	Connecting to Service Manager
2021-11-17 07:26:17		Starting	Opening Service handle
2021-11-17 07:26:17		Success 	Opening Service handle
2021-11-17 07:26:17	Success 	Stopping service: aspnet_state
2021-11-17 07:26:17	Starting	Querying status of a service: iisadmin
2021-11-17 07:26:17		Starting	Connecting to Service Manager
2021-11-17 07:26:17		Success 	Connecting to Service Manager
2021-11-17 07:26:17		Starting	Opening Service handle
2021-11-17 07:26:17		Success 	Opening Service handle
2021-11-17 07:26:17	Success 	Querying status of a service: iisadmin
2021-11-17 07:26:17	Starting	Check the status of IIS
2021-11-17 07:26:17	Success 	Check the status of IIS
2021-11-17 07:26:17	Starting	Querying status of a service: w3svc
2021-11-17 07:26:17		Starting	Connecting to Service Manager
2021-11-17 07:26:17		Success 	Connecting to Service Manager
2021-11-17 07:26:17		Starting	Opening Service handle
2021-11-17 07:26:17		Success 	Opening Service handle
2021-11-17 07:26:17	Success 	Querying status of a service: w3svc
2021-11-17 07:26:17	Starting	Determining if current ASP.NET isapi has the highest version
2021-11-17 07:26:17	Success 	Determining if current ASP.NET isapi has the highest version
2021-11-17 07:26:17	Starting	Pre Registration cleanup
2021-11-17 07:26:17		Starting	Cleaning up registry
2021-11-17 07:26:17		Success 	Cleaning up registry
2021-11-17 07:26:17		Starting	Uninstalling performance counters
2021-11-17 07:26:17		Success 	Uninstalling performance counters
2021-11-17 07:26:17		Starting	Executing inf section: XSP.UninstallPerVer
2021-11-17 07:26:17		Success 	Executing inf section: 
2021-11-17 07:26:17		Starting	Executing inf section: AdminService.Uninstall
2021-11-17 07:26:17		Success 	Executing inf section: 
2021-11-17 07:26:17	Success 	Pre Registration cleanup
2021-11-17 07:26:17	Starting	Executing inf section: XSP.InstallPerVer
2021-11-17 07:26:17	Success 	Executing inf section: 
2021-11-17 07:26:17	Starting	Installing WMI file:aspnet.mof
2021-11-17 07:26:17	Success 	Installing WMI file:aspnet.mof
2021-11-17 07:26:17	Starting	CreateASPNetAccount
2021-11-17 07:26:17		Starting	Generating password
2021-11-17 07:26:17		Success 	Generating password
2021-11-17 07:26:17		Starting	Creating ASPNET account
2021-11-17 07:26:17		Failure 	Creating ASPNET account: CreateUser failed with HRESULT 800708ad: 'The username could not be found.  '
2021-11-17 07:26:17	Failure 	CreateASPNetAccount: CreateASPNetAccount failed with HRESULT 800708ad: 'The username could not be found.  '
2021-11-17 07:26:17	Starting	GrantAccessToMetabase
2021-11-17 07:26:17	Success 	GrantAccessToMetabase
2021-11-17 07:26:17	Starting	Setting ACLs on dirs and WMI
2021-11-17 07:26:17		Starting	Getting location of Temporary ASP.Net directory
2021-11-17 07:26:17		Success 	Getting location of Temporary ASP.Net directory
2021-11-17 07:26:17		Starting	Setting ACLs on Temporary ASP.Net directory
2021-11-17 07:26:17		Success 	Setting ACLs on Temporary ASP.Net directory
2021-11-17 07:26:17		Starting	Setting ACLs on install root directory
2021-11-17 07:26:17		Success 	Setting ACLs on install root directory
2021-11-17 07:26:17		Starting	Setting ACLs on config directory
2021-11-17 07:26:17		Success 	Setting ACLs on config directory
2021-11-17 07:26:17		Starting	Grant access to WMI namespace: root\aspnet
2021-11-17 07:26:17		Failure 	Grant access to WMI namespace: root\aspnet: GrantAccessToWmiNamespace failed with HRESULT 8004100e: ''
2021-11-17 07:26:17		Starting	Getting location of Temporary ASP.Net directory
2021-11-17 07:26:17		Success 	Getting location of Temporary ASP.Net directory
2021-11-17 07:26:17		Starting	Setting ACLs on Temporary ASP.Net directory
2021-11-17 07:26:17		Success 	Setting ACLs on Temporary ASP.Net directory
2021-11-17 07:26:17		Starting	Setting ACLs on install root directory
2021-11-17 07:26:17		Success 	Setting ACLs on install root directory
2021-11-17 07:26:17		Starting	Setting ACLs on config directory
2021-11-17 07:26:17		Success 	Setting ACLs on config directory
2021-11-17 07:26:17		Starting	Grant access to WMI namespace: root\aspnet
2021-11-17 07:26:17		Failure 	Grant access to WMI namespace: root\aspnet: GrantAccessToWmiNamespace failed with HRESULT 8004100e: ''
2021-11-17 07:26:17	Success 	Setting ACLs on dirs and WMI
2021-11-17 07:26:17	Starting	Install all ASP.NET Services
2021-11-17 07:26:17		Starting	Getting credentials for the service account
2021-11-17 07:26:17		Success 	Getting credentials for the service account
2021-11-17 07:26:17		Starting	Connecting to Service Manager
2021-11-17 07:26:17		Success 	Connecting to Service Manager
2021-11-17 07:26:17		Starting	aspnet_state
2021-11-17 07:26:17		Success 	aspnet_state
2021-11-17 07:26:17		Starting	Reading various service settings for: aspnet_state
2021-11-17 07:26:17		Success 	Reading various service settings for: aspnet_state
2021-11-17 07:26:17		Starting	Executing inf section: StateService.Uninstall
2021-11-17 07:26:17		Success 	Executing inf section: 
2021-11-17 07:26:18		Starting	Executing inf section: StateService.Install
2021-11-17 07:26:18		Success 	Executing inf section: 
2021-11-17 07:26:18		Starting	Locking service database
2021-11-17 07:26:18		Success 	Locking service database
2021-11-17 07:26:18		Starting	Opening Service handle
2021-11-17 07:26:18		Success 	Opening Service handle
2021-11-17 07:26:18		Starting	Writing back various service settings for: aspnet_state
2021-11-17 07:26:18		Success 	Writing back various service settings for: aspnet_state
2021-11-17 07:26:18		Starting	Changing service account and password
2021-11-17 07:26:18		Success 	Changing service account and password
2021-11-17 07:26:18	Success 	Install all ASP.NET Services
2021-11-17 07:26:18	Starting	Executing inf section: MmcAspNetExtCOMComponents.Install
2021-11-17 07:26:18	Success 	Executing inf section: 
2021-11-17 07:26:18	Starting	Install the ASP.NET Performance counters
2021-11-17 07:26:18	Success 	Install the ASP.NET Performance counters
2021-11-17 07:26:18	Starting	Install common performance counters
2021-11-17 07:26:18	Success 	Install common performance counters
2021-11-17 07:26:18	Starting	Starting service: aspnet_state
2021-11-17 07:26:18	Success 	Starting service: aspnet_state
