0009:fixme:thread:SetThreadStackGuarantee (0x33fcd4): stub
0009:fixme:ntdll:EtwEventRegister ({e13c0d23-ccbc-4e12-931b-d9cc2eee27e4}, 0x7932a40c, 0x797293b0, 0x79764880) stub.
0009:fixme:ntdll:EtwEventRegister ({763fd754-7086-4dfe-95eb-c01a46faf4ca}, 0x7932a40c, 0x797292f0, 0x79729998) stub.
0009:fixme:ntdll:EtwEventRegister ({a669021c-c450-4609-a035-5af59af4df18}, 0x7932a40c, 0x79764890, 0x79764888) stub.
0009:fixme:ntdll:EtwEventRegister ({cc2bcbba-16b6-4cf3-8990-d74c2e8af500}, 0x7932a40c, 0x797648c0, 0x797292e8) stub.
0009:fixme:wer:WerRegisterRuntimeExceptionModule (L"C:\\windows\\Microsoft.NET\\Framework\\v4.0.30319\\mscordacwks.dll", 0x79140000) stub!
002f:err:ole:CoGetContextToken apartment not initialised
0009:fixme:nls:LocaleNameToLCID unsupported flags 8000000
0009:fixme:path:parse_url failed to parse L"System.Windows.Forms"
0009:fixme:path:parse_url failed to parse L"System"
0009:fixme:path:parse_url failed to parse L"System.Drawing"
0009:fixme:nls:LCIDToLocaleName unsupported flags 8000000
0009:fixme:nls:get_dummy_preferred_ui_language (0x0 0x33e2f4 0x0 0x33e2f0) returning a dummy value (current locale)
0009:fixme:nls:get_dummy_preferred_ui_language (0x0 0x33e2f4 0x137cdd0 0x33e2f0) returning a dummy value (current locale)
0009:fixme:path:parse_url failed to parse L"Accessibility"
0009:fixme:gdiplus:GdipGetFamilyName No support for handling of multiple languages!
0009:fixme:time:GetCalendarInfoEx (L"en-US", 1, 0x0, 0x20000030, 0x0, 0, 0x1693d84): semi-stub
0009:fixme:time:GetCalendarInfoW Unimplemented caltype 2
0009:fixme:time:GetCalendarInfoW Unimplemented caltype 4
0009:fixme:time:GetCalendarInfoW Unimplemented caltype 4
0009:fixme:time:GetCalendarInfoW Unimplemented caltype 57
0009:fixme:time:GetCalendarInfoW Unimplemented caltype 57
0009:fixme:time:GetCalendarInfoW Unimplemented caltype 2
0009:fixme:time:GetCalendarInfoW Unimplemented caltype 4
0009:fixme:time:GetCalendarInfoW Unimplemented caltype 4
0009:fixme:time:GetCalendarInfoW Unimplemented caltype 57
0009:fixme:time:GetCalendarInfoW Unimplemented caltype 57
0009:fixme:time:GetCalendarInfoW Unimplemented caltype 2
0009:fixme:time:GetCalendarInfoW Unimplemented caltype 4
0009:fixme:time:GetCalendarInfoW Unimplemented caltype 4
0009:fixme:time:GetCalendarInfoW Unimplemented caltype 57
0009:fixme:time:GetCalendarInfoW Unimplemented caltype 57
0009:fixme:time:GetCalendarInfoW Unimplemented caltype 2
0009:fixme:time:GetCalendarInfoW Unimplemented caltype 4
0009:fixme:time:GetCalendarInfoW Unimplemented caltype 4
0009:fixme:time:GetCalendarInfoW Unimplemented caltype 57
0009:fixme:time:GetCalendarInfoW Unimplemented caltype 57
0009:fixme:ntdll:EtwEventRegister ({8e9f5090-2d75-4d03-8a81-e5afbf85daf1}, 0x11109aa, 0x0, 0x16a9628) stub.
0009:fixme:path:parse_url failed to parse L"Flowgorithm.resources"
0009:fixme:path:parse_url failed to parse L"Flowgorithm.resources"
0009:fixme:path:parse_url failed to parse L"System.Core"
0009:fixme:gdiplus:resample_bitmap_pixel Unimplemented interpolation 7
0009:fixme:path:parse_url failed to parse L"Flowgorithm.resources"
0009:fixme:path:parse_url failed to parse L"Flowgorithm.resources"
0009:fixme:process:FlushProcessWriteBuffers : stub
002f:fixme:thread:create_user_shared_data_thread Creating user shared data update thread.
0009:fixme:path:parse_url failed to parse L"Flowgorithm.resources"
0009:fixme:path:parse_url failed to parse L"Flowgorithm.resources"
0009:fixme:ole:snapshot_QueryGetData (0136D030, 0033F1A0 {cf c054 ptd 00000000 aspect 1 lindex -1 tymed 75})
0009:fixme:path:parse_url failed to parse L"Flowgorithm.resources"
0009:fixme:path:parse_url failed to parse L"Flowgorithm.resources"
0009:fixme:gdiplus:GdipCreateHalftonePalette stub
0009:fixme:gdiplus:GdipGetNearestColor (0795F1E0, 0033E2EC): Passing color unmodified
0009:fixme:gdiplus:GdipGetNearestColor (06F4CF48, 0033EC04): Passing color unmodified
0009:fixme:gdiplus:GdipGetNearestColor (06EC95E8, 0033EB80): Passing color unmodified
0009:fixme:gdiplus:GdipGetNearestColor (0795F1E0, 0033D600): Passing color unmodified
0009:fixme:gdiplus:GdipGetNearestColor (0795F1E0, 0033D600): Passing color unmodified
0009:fixme:gdiplus:GdipGetNearestColor (0795F1E0, 0033D600): Passing color unmodified
0009:fixme:gdiplus:GdipGetNearestColor (0795F1E0, 0033D600): Passing color unmodified
0009:fixme:gdiplus:GdipGetNearestColor (06F4CF48, 0033EB40): Passing color unmodified
0009:fixme:gdiplus:GdipGetNearestColor (06F4CF48, 0033EBE4): Passing color unmodified
0009:fixme:gdiplus:GdipGetNearestColor (07236190, 0033E654): Passing color unmodified
0009:fixme:gdiplus:GdipGetNearestColor (06EDCC30, 0033E5D0): Passing color unmodified
0009:fixme:gdiplus:GdipGetNearestColor (07236108, 0033EC04): Passing color unmodified
0009:fixme:gdiplus:GdipGetNearestColor (01390BB0, 0033EB80): Passing color unmodified
0009:fixme:gdiplus:GdipGetNearestColor (07236108, 0033E614): Passing color unmodified
0009:fixme:gdiplus:GdipGetNearestColor (07235E58, 0033EBB0): Passing color unmodified
0009:fixme:gdiplus:GdipGetNearestColor (06EC9388, 0033EBE4): Passing color unmodified
0009:fixme:gdiplus:GdipGetNearestColor (06EC9388, 0033E5D4): Passing color unmodified
0009:fixme:gdiplus:GdipGetNearestColor (07235E58, 0033EBE4): Passing color unmodified
0009:fixme:gdiplus:GdipGetNearestColor (07235E58, 0033EBE4): Passing color unmodified
0009:fixme:gdiplus:GdipGetNearestColor (07235E58, 0033E5D4): Passing color unmodified
0009:fixme:gdiplus:GdipGetNearestColor (07235F68, 0033E554): Passing color unmodified
0009:fixme:gdiplus:GdipGetNearestColor (07235E58, 0033E584): Passing color unmodified
0009:fixme:gdiplus:GdipGetNearestColor (07235E58, 0033EBE4): Passing color unmodified
002f:fixme:ntdll:EtwEventUnregister (deadbeef) stub.
002f:fixme:ole:Context_CC_ContextCallback (013929B0/013929B4)->(791C8272, 0381CCA8, {d7174f82-36b8-4aa8-800a-e963ab2dfab9}, 2, 00000000)
002f:fixme:ole:Context_CC_ContextCallback (013929B0/013929B4)->(791C8272, 0381CC34, {d7174f82-36b8-4aa8-800a-e963ab2dfab9}, 2, 00000000)
