No X11 Log info when using XQuartz!

Hardware:

    Hardware Overview:

      Model Name: Mac Pro
      Model Identifier: MacPro5,1
      Processor Name: 6-Core Intel Xeon
      Processor Speed: 2.93 GHz
      Number of Processors: 2
      Total Number of Cores: 12
      L2 Cache (per Core): 256 KB
      L3 Cache (per Processor): 12 MB
      Memory: 44 GB
      Boot ROM Version: 144.0.0.0.0
      SMC Version (system): 1.39f5
      SMC Version (processor tray): 1.39f5

Graphics/Displays:

    NVIDIA GeForce GTX 970:

      Chipset Model: NVIDIA GeForce GTX 970
      Type: GPU
      Bus: PCIe
      Slot: Slot-1
      PCIe Lane Width: x16
      VRAM (Dynamic, Max): 4095 MB
      Vendor: NVIDIA (0x10de)
      Device ID: 0x13c2
      Revision ID: 0x00a1
      ROM Revision: VBIOS 84.04.36.00.71
      Metal: Supported, feature set macOS GPUFamily1 v3
      Displays:
        DELL P2217H:
          Resolution: 1920 x 1080 (1080p FHD - Full High Definition)
          UI Looks like: 1920 x 1080 @ 60 Hz
          Framebuffer Depth: 24-Bit Color (ARGB8888)
          Display Serial Number: 668VC7CK464U
          Mirror: Off
          Online: Yes
          Rotation: Supported
          Automatically Adjust Brightness: No
        HP 27q:
          Resolution: 2560 x 1440 (QHD/WQHD - Wide Quad High Definition)
          UI Looks like: 2560 x 1440 @ 60 Hz
          Framebuffer Depth: 24-Bit Color (ARGB8888)
          Display Serial Number: CNK8271K4L  
          Main Display: Yes
          Mirror: Off
          Online: Yes
          Rotation: Supported
          Automatically Adjust Brightness: No
          Connection Type: DisplayPort

